<?xml version="1.0" encoding="UTF-8"?>
<beans xmlns="http://www.springframework.org/schema/beans"
       xmlns:xsi="http://www.w3.org/2001/XMLSchema-instance"
       xmlns:context="http://www.springframework.org/schema/context"
       xmlns:mvc="http://www.springframework.org/schema/mvc" xmlns:tx="http://www.springframework.org/schema/tx"
       xsi:schemaLocation="http://www.springframework.org/schema/beans http://www.springframework.org/schema/beans/spring-beans.xsd http://www.springframework.org/schema/context http://www.springframework.org/schema/context/spring-context.xsd http://www.springframework.org/schema/mvc http://www.springframework.org/schema/mvc/spring-mvc.xsd http://www.springframework.org/schema/tx http://www.springframework.org/schema/tx/spring-tx.xsd">

    <context:component-scan base-package="com.nick.hateportal"/>
    <mvc:annotation-driven />

    <!--Beans for localization-->
    <bean id="messageSource"
          class="org.springframework.context.support.ReloadableResourceBundleMessageSource">
        <property name="basename" value="classpath:lable" />
        <property name="defaultEncoding" value="UTF-8"/>
        <property name="fileEncodings" value="UTF-8"/>
    </bean>


    <bean id="localeChangeInterceptor"
          class="org.springframework.web.servlet.i18n.LocaleChangeInterceptor">
        <property name="paramName" value="lang" />
    </bean>

    <bean id="localeResolver"
          class="org.springframework.web.servlet.i18n.SessionLocaleResolver">
        <property name="defaultLocale" value="en"/>
    </bean>

    <bean id="handlerMapping"
          class="org.springframework.web.servlet.mvc.annotation.DefaultAnnotationHandlerMapping">
        <property name="interceptors">
            <ref bean="localeChangeInterceptor" />
        </property>
    </bean>

    <mvc:interceptors>
        <bean class="org.springframework.web.servlet.i18n.LocaleChangeInterceptor">
            <property name="paramName" value="lang" />
        </bean>
    </mvc:interceptors>

    <!--For jdbc.properties-->
    <bean id="propertyConfigurer" class="org.springframework.beans.factory.config.PropertyPlaceholderConfigurer">
        <property name="location" value="classpath:jdbc.properties"/>
    </bean>

    <bean class="org.springframework.dao.annotation.PersistenceExceptionTranslationPostProcessor">
    </bean>

    <!-- dataSource for Hibernate-->
    <bean id="dataSource" class="org.springframework.jdbc.datasource.DriverManagerDataSource">
        <property name="driverClassName" value="${jdbc.driverClassName}"/>
        <property name="url" value="${jdbc.url}"/>
        <property name="username" value="${jdbc.username}"/>
        <property name="password" value="${jdbc.password}"/>
    </bean>

    <!-- Fabric for Hibernate session -->
    <bean id="sessionFactory" class="org.springframework.orm.hibernate5.LocalSessionFactoryBean">
        <!-- бины снизу как бы ссылаются на конфигурационный файл hibernate-cfg, настройки которого описаны в dataSource
        поэтому у нас hibernate.cfg.xml не используется   -->
        <property name="dataSource" ref="dataSource"/>
        <property name="packagesToScan" value="com.nick.hateportal.entity"/>

        <property name="hibernateProperties">
            <props>
                <!--     <prop key="hibernate.show_sql">true</prop>-->
                <prop key="hibernate.enable_lazy_load_no_trans">true</prop>
            </props>
        </property>
    </bean>

    <tx:annotation-driven transaction-manager="txManager" proxy-target-class="true"/>
    <!-- Менеджер транзакций-->
    <bean id="txManager" class="org.springframework.orm.hibernate5.HibernateTransactionManager">
        <property name="sessionFactory" ref="sessionFactory"/>

    </bean>

</beans>